     1                                  bits 32 ; assembling for the 32 bits architecture
     2                                  
     3                                  ; declare the EntryPoint (a label defining the very first instruction of the program)
     4                                  global start        
     5                                  
     6                                  ; declare external functions needed by our program
     7                                  extern exit               ; tell nasm that exit exists even if we won't be defining it
     8                                  import exit msvcrt.dll    ; exit is a function that ends the calling process. It is defined in msvcrt.dll
     9                                                            ; msvcrt.dll contains exit, printf and all the other important C-runtime specific functions
    10                                  
    11                                  ; our data is declared here (the variables needed by our program)
    12                                  segment data use32 class=data
    13                                      ; ...
    14                                  
    15                                  ; our code starts here
    16                                  segment code use32 class=code
    17                                      start:
    18                                          ; ...
    19                                      
    20                                          ; exit(0)
    21 00000000 B103                            mov cl, 3
    22 00000002 66B80D00                        mov ax, 13
    23 00000006 F6F1                            div CL ; AL = AX / CL 
    24 00000008 FF15[00000000]                  call    [exit]       ; call exit to terminate the program
    25                                  
