     1                                  bits 32 ; assembling for the 32 bits architecture
     2                                  
     3                                  ; declare the EntryPoint (a label defining the very first instruction of the program)
     4                                  global start        
     5                                  
     6                                  ; declare external functions needed by our program
     7                                  extern exit               ; tell nasm that exit exists even if we won't be defining it
     8                                  import exit msvcrt.dll    ; exit is a function that ends the calling process. It is defined in msvcrt.dll
     9                                                            ; msvcrt.dll contains exit, printf and all the other important C-runtime specific functions
    10                                  
    11                                  ; our data is declared here (the variables needed by our program)
    12                                  segment data use32 class=data
    13                                      ; ...
    14                                  
    15                                  ; our code starts here
    16                                  segment code use32 class=code
    17                                      start:
    18                                          ; ...
    19 00000000 1400                            b dw 20
    20 00000002 0500                            c dw 5
    21 00000004 0A00                            a dw 10
    22 00000006 66A1[00000000]                  mov AX, [b]
    23 0000000C 668B1D[00000000]                mov BX, [b]
    24 00000013 66031D[02000000]                add BX, [c]
    25 0000001A 6629D8                          sub AX, BX
    26 0000001D 660305[04000000]                add AX, [a]
    27                                             
    28                                          ; exit(0)
    29 00000024 6A00                            push    dword 0      ; push the parameter for exit onto the stack
    30 00000026 FF15[00000000]                  call    [exit]       ; call exit to terminate the program
